<?xml version="1.0" encoding="UTF-8"?>
<!-- Generated by org.testng.reporters.JUnitReportReporter -->
<testsuite hostname="DESKTOP-M0UH53U" failures="0" tests="1" name="com.selenium.webobject.Code_For_MouseHandle_7" time="3.465" errors="0" timestamp="2022-07-24T11:10:02 IST" skipped="0">
  <testcase classname="com.selenium.webobject.Code_For_MouseHandle_7" name="Code_For_MouseHandle_Test" time="3.465"/>
  <system-out/>
</testsuite> <!-- com.selenium.webobject.Code_For_MouseHandle_7 -->
