<?xml version="1.0" encoding="UTF-8"?>
<!-- Generated by org.testng.reporters.JUnitReportReporter -->
<testsuite hostname="DESKTOP-M0UH53U" failures="0" tests="1" name="com.itview.testcases.Data_Driven_FixedDeposit" time="15.982" errors="0" timestamp="2022-07-31T12:15:02 IST" skipped="0">
  <testcase classname="com.itview.testcases.Data_Driven_FixedDeposit" name="verifyFixedDeposit_SI" time="15.982"/>
  <system-out/>
</testsuite> <!-- com.itview.testcases.Data_Driven_FixedDeposit -->
