<?xml version="1.0" encoding="UTF-8"?>
<!-- Generated by org.testng.reporters.JUnitReportReporter -->
<testsuite hostname="DESKTOP-M0UH53U" failures="0" tests="1" name="com.itview.testcases.CarHomeEMI_Test" time="3.635" errors="0" timestamp="2022-08-06T12:39:21 IST" skipped="0">
  <testcase classname="com.itview.testcases.CarHomeEMI_Test" name="carLoan_10lakh" time="3.635"/>
  <system-out/>
</testsuite> <!-- com.itview.testcases.CarHomeEMI_Test -->
