<?xml version="1.0" encoding="UTF-8"?>
<!-- Generated by org.testng.reporters.JUnitReportReporter -->
<testsuite hostname="DESKTOP-M0UH53U" failures="0" tests="3" name="com.itview.testng.LoginMutualFund" time="17.244" errors="0" timestamp="2022-07-16T12:33:46 IST" skipped="0">
  <testcase classname="com.itview.testng.LoginMutualFund" name="loginAdmin" time="7.487"/>
  <system-out/>
  <testcase classname="com.itview.testng.LoginMutualFund" name="loginJsmith" time="5.062"/>
  <system-out/>
  <testcase classname="com.itview.testng.LoginMutualFund" name="loginTestUser" time="4.695"/>
  <system-out/>
</testsuite> <!-- com.itview.testng.LoginMutualFund -->
