<?xml version="1.0" encoding="UTF-8"?>
<!-- Generated by org.testng.reporters.JUnitReportReporter -->
<testsuite hostname="DESKTOP-M0UH53U" failures="0" tests="4" name="com.itview.testng.All_Annotations" time="0.020" errors="0" timestamp="2022-07-17T12:34:00 IST" skipped="0">
  <testcase classname="com.itview.testng.All_Annotations" name="test1" time="0.011"/>
  <system-out/>
  <testcase classname="com.itview.testng.All_Annotations" name="test4" time="0.003"/>
  <system-out/>
  <testcase classname="com.itview.testng.All_Annotations" name="test2" time="0.003"/>
  <system-out/>
  <testcase classname="com.itview.testng.All_Annotations" name="test3" time="0.003"/>
  <system-out/>
</testsuite> <!-- com.itview.testng.All_Annotations -->
