<?xml version="1.0" encoding="UTF-8"?>
<!-- Generated by org.testng.reporters.JUnitReportReporter -->
<testsuite hostname="DESKTOP-M0UH53U" failures="0" tests="4" name="com.itview.testng.BasicWebObject" time="5.544" errors="0" timestamp="2022-07-23T11:37:02 IST" skipped="0">
  <testcase classname="com.itview.testng.BasicWebObject" name="handleTextBox" time="5.123"/>
  <system-out/>
  <testcase classname="com.itview.testng.BasicWebObject" name="handleRadioCheckbox" time="0.180"/>
  <system-out/>
  <testcase classname="com.itview.testng.BasicWebObject" name="handleDropDownList" time="0.075"/>
  <system-out/>
  <testcase classname="com.itview.testng.BasicWebObject" name="printValueFromDropDown" time="0.166"/>
  <system-out/>
</testsuite> <!-- com.itview.testng.BasicWebObject -->
