<?xml version="1.0" encoding="UTF-8"?>
<!-- Generated by org.testng.reporters.JUnitReportReporter -->
<testsuite hostname="DESKTOP-M0UH53U" failures="0" tests="1" name="com.selenium.webobject.Code_For_IFrame_3" time="5.241" errors="0" timestamp="2022-07-23T12:26:17 IST" skipped="0">
  <testcase classname="com.selenium.webobject.Code_For_IFrame_3" name="Code_For_IFrame_Test" time="5.241"/>
  <system-out/>
</testsuite> <!-- com.selenium.webobject.Code_For_IFrame_3 -->
