<?xml version="1.0" encoding="UTF-8"?>
<!-- Generated by org.testng.reporters.JUnitReportReporter -->
<testsuite hostname="DESKTOP-M0UH53U" failures="0" tests="3" name="com.itview.testng.BrowserCode" time="34.168" errors="0" timestamp="2022-07-17T11:12:01 IST" skipped="0">
  <testcase classname="com.itview.testng.BrowserCode" name="chromeBrowser" time="8.282"/>
  <system-out/>
  <testcase classname="com.itview.testng.BrowserCode" name="firefoxBrowser" time="16.056"/>
  <system-out/>
  <testcase classname="com.itview.testng.BrowserCode" name="edgeBrowser" time="9.830"/>
  <system-out/>
</testsuite> <!-- com.itview.testng.BrowserCode -->
