<?xml version="1.0" encoding="UTF-8"?>
<!-- Generated by org.testng.reporters.JUnitReportReporter -->
<testsuite hostname="DESKTOP-M0UH53U" failures="0" tests="3" name="com.itview.testcases.DataDriven_DataProvider" time="15.197" errors="0" timestamp="2022-07-31T12:29:09 IST" skipped="0">
  <testcase classname="com.itview.testcases.DataDriven_DataProvider" name="fixedDeposit_Test" time="3.185"/>
  <system-out/>
  <testcase classname="com.itview.testcases.DataDriven_DataProvider" name="fixedDeposit_Test" time="4.657"/>
  <system-out/>
  <testcase classname="com.itview.testcases.DataDriven_DataProvider" name="fixedDeposit_Test" time="7.355"/>
  <system-out/>
</testsuite> <!-- com.itview.testcases.DataDriven_DataProvider -->
