<?xml version="1.0" encoding="UTF-8"?>
<!-- Generated by org.testng.reporters.JUnitReportReporter -->
<testsuite hostname="DESKTOP-M0UH53U" failures="0" tests="1" name="com.selenium.webobject.Code_For_WindowTab_8" time="15.215" errors="0" timestamp="2022-07-24T11:40:42 IST" skipped="0">
  <testcase classname="com.selenium.webobject.Code_For_WindowTab_8" name="tabFlipkart" time="15.215"/>
  <system-out/>
</testsuite> <!-- com.selenium.webobject.Code_For_WindowTab_8 -->
