<?xml version="1.0" encoding="UTF-8"?>
<!-- Generated by org.testng.reporters.JUnitReportReporter -->
<testsuite hostname="DESKTOP-M0UH53U" failures="0" tests="1" name="com.selenium.webobject.Code_For_WindowSize_5" time="7.772" errors="0" timestamp="2022-07-23T12:43:48 IST" skipped="0">
  <testcase classname="com.selenium.webobject.Code_For_WindowSize_5" name="Code_For_WindowSize" time="7.772"/>
  <system-out/>
</testsuite> <!-- com.selenium.webobject.Code_For_WindowSize_5 -->
