<?xml version="1.0" encoding="UTF-8"?>
<!-- Generated by org.testng.reporters.JUnitReportReporter -->
<testsuite hostname="DESKTOP-M0UH53U" failures="0" tests="1" name="com.itview.testng.LoginOrangeHRM" time="16.262" errors="0" timestamp="2022-07-16T12:33:46 IST" skipped="0">
  <testcase classname="com.itview.testng.LoginOrangeHRM" name="loginOrangeHRM" time="16.262"/>
  <system-out/>
</testsuite> <!-- com.itview.testng.LoginOrangeHRM -->
