<?xml version="1.0" encoding="UTF-8"?>
<!-- Generated by org.testng.reporters.JUnitReportReporter -->
<testsuite hostname="DESKTOP-M0UH53U" failures="0" tests="2" name="com.itview.testng.HardAssertTest" time="6.842" errors="0" timestamp="2022-07-17T10:38:27 IST" skipped="0">
  <testcase classname="com.itview.testng.HardAssertTest" name="loginTest" time="2.846"/>
  <system-out/>
  <testcase classname="com.itview.testng.HardAssertTest" name="logoutTest" time="3.996"/>
  <system-out/>
</testsuite> <!-- com.itview.testng.HardAssertTest -->
