<?xml version="1.0" encoding="UTF-8"?>
<!-- Generated by org.testng.reporters.JUnitReportReporter -->
<testsuite hostname="DESKTOP-M0UH53U" failures="0" tests="2" name="com.itview.testng.SoftAssertTest" time="6.871" errors="0" timestamp="2022-07-17T10:55:00 IST" skipped="0">
  <testcase classname="com.itview.testng.SoftAssertTest" name="loginTest" time="2.781"/>
  <system-out/>
  <testcase classname="com.itview.testng.SoftAssertTest" name="logoutTest" time="4.090"/>
  <system-out/>
</testsuite> <!-- com.itview.testng.SoftAssertTest -->
