<?xml version="1.0" encoding="UTF-8"?>
<!-- Generated by org.testng.reporters.JUnitReportReporter -->
<testsuite hostname="DESKTOP-M0UH53U" failures="0" tests="1" name="com.itview.testcases.EducationEMI_Test" time="3.534" errors="0" timestamp="2022-08-06T11:39:10 IST" skipped="0">
  <testcase classname="com.itview.testcases.EducationEMI_Test" name="educationLoan_4lakh" time="3.534"/>
  <system-out/>
</testsuite> <!-- com.itview.testcases.EducationEMI_Test -->
