<?xml version="1.0" encoding="UTF-8"?>
<!-- Generated by org.testng.reporters.JUnitReportReporter -->
<testsuite skipped="0" hostname="DESKTOP-M0UH53U" name="com.itview.testcases.CarHomeEMI_Test" tests="1" failures="0" timestamp="2022-08-13T12:08:59 IST" time="3.778" errors="0">
  <testcase name="carLoan_10lakh" time="3.778" classname="com.itview.testcases.CarHomeEMI_Test"/>
  <system-out/>
</testsuite> <!-- com.itview.testcases.CarHomeEMI_Test -->
