<?xml version="1.0" encoding="UTF-8"?>
<!-- Generated by org.testng.reporters.JUnitReportReporter -->
<testsuite skipped="0" hostname="DESKTOP-M0UH53U" name="com.itview.testcases.EducationEMI_Test" tests="1" failures="0" timestamp="2022-08-13T12:08:59 IST" time="3.705" errors="0">
  <testcase name="educationLoan_4lakh" time="3.705" classname="com.itview.testcases.EducationEMI_Test"/>
  <system-out/>
</testsuite> <!-- com.itview.testcases.EducationEMI_Test -->
